2023-11-18T00:10:13.056+04:00  INFO 16856 --- [main] a.d.oficenter.OficenterApplication       : Starting OficenterApplication using Java 19.0.1 with PID 16856 (C:\Users\admin\Oficenter\target\classes started by admin in C:\Users\admin\Oficenter)
2023-11-18T00:10:13.067+04:00 DEBUG 16856 --- [main] a.d.oficenter.OficenterApplication       : Running with Spring Boot v3.0.0, Spring v6.0.2
2023-11-18T00:10:13.069+04:00  INFO 16856 --- [main] a.d.oficenter.OficenterApplication       : No active profile set, falling back to 1 default profile: "default"
2023-11-18T00:10:14.338+04:00  INFO 16856 --- [main] .s.d.r.c.RepositoryConfigurationDelegate : Bootstrapping Spring Data JPA repositories in DEFAULT mode.
2023-11-18T00:10:14.461+04:00  INFO 16856 --- [main] .s.d.r.c.RepositoryConfigurationDelegate : Finished Spring Data repository scanning in 113 ms. Found 12 JPA repository interfaces.
2023-11-18T00:10:15.134+04:00  INFO 16856 --- [main] o.s.b.w.embedded.tomcat.TomcatWebServer  : Tomcat initialized with port(s): 8090 (http)
2023-11-18T00:10:15.176+04:00  INFO 16856 --- [main] o.apache.catalina.core.StandardService   : Starting service [Tomcat]
2023-11-18T00:10:15.177+04:00  INFO 16856 --- [main] o.apache.catalina.core.StandardEngine    : Starting Servlet engine: [Apache Tomcat/10.1.1]
2023-11-18T00:10:15.289+04:00  INFO 16856 --- [main] o.a.c.c.C.[Tomcat].[localhost].[/]       : Initializing Spring embedded WebApplicationContext
2023-11-18T00:10:15.290+04:00  INFO 16856 --- [main] w.s.c.ServletWebServerApplicationContext : Root WebApplicationContext: initialization completed in 2142 ms
2023-11-18T00:10:15.846+04:00  INFO 16856 --- [main] com.zaxxer.hikari.HikariDataSource       : HikariPool-1 - Starting...
2023-11-18T00:10:16.711+04:00  INFO 16856 --- [main] com.zaxxer.hikari.pool.HikariPool        : HikariPool-1 - Added connection com.mysql.cj.jdbc.ConnectionImpl@2f07930a
2023-11-18T00:10:16.716+04:00  INFO 16856 --- [main] com.zaxxer.hikari.HikariDataSource       : HikariPool-1 - Start completed.
2023-11-18T00:10:16.899+04:00  INFO 16856 --- [main] SQL dialect                              : HHH000400: Using dialect: org.hibernate.dialect.MySQLDialect
2023-11-18T00:10:18.788+04:00  INFO 16856 --- [main] j.LocalContainerEntityManagerFactoryBean : Initialized JPA EntityManagerFactory for persistence unit 'default'
2023-11-18T00:10:19.248+04:00 DEBUG 16856 --- [main] a.d.oficenter.security.JwtRequestFilter  : Filter 'jwtRequestFilter' configured for use
2023-11-18T00:10:20.415+04:00  INFO 16856 --- [main] o.s.s.web.DefaultSecurityFilterChain     : Will secure any request with [org.springframework.security.web.session.DisableEncodeUrlFilter@753cfae3, org.springframework.security.web.context.request.async.WebAsyncManagerIntegrationFilter@326320bb, org.springframework.security.web.context.SecurityContextHolderFilter@fcee97c, org.springframework.security.web.header.HeaderWriterFilter@34a48013, org.springframework.web.filter.CorsFilter@57573880, org.springframework.security.web.authentication.logout.LogoutFilter@e38b953, az.digitalhands.oficenter.security.JwtRequestFilter@59f56892, org.springframework.security.web.savedrequest.RequestCacheAwareFilter@48682f91, org.springframework.security.web.servletapi.SecurityContextHolderAwareRequestFilter@4dc23273, org.springframework.security.web.authentication.AnonymousAuthenticationFilter@3d94b49d, org.springframework.security.web.session.SessionManagementFilter@5eabcf77, org.springframework.security.web.access.ExceptionTranslationFilter@57e9cd2, org.springframework.security.web.access.intercept.AuthorizationFilter@293dd4b3]
2023-11-18T00:10:20.720+04:00  INFO 16856 --- [main] o.s.b.w.embedded.tomcat.TomcatWebServer  : Tomcat started on port(s): 8090 (http) with context path ''
2023-11-18T00:10:20.731+04:00  INFO 16856 --- [main] a.d.oficenter.OficenterApplication       : Started OficenterApplication in 8.426 seconds (process running for 9.615)
2023-11-18T00:10:26.269+04:00  INFO 16856 --- [SpringApplicationShutdownHook] j.LocalContainerEntityManagerFactoryBean : Closing JPA EntityManagerFactory for persistence unit 'default'
2023-11-18T00:10:26.272+04:00  INFO 16856 --- [SpringApplicationShutdownHook] com.zaxxer.hikari.HikariDataSource       : HikariPool-1 - Shutdown initiated...
2023-11-18T00:10:26.285+04:00  INFO 16856 --- [SpringApplicationShutdownHook] com.zaxxer.hikari.HikariDataSource       : HikariPool-1 - Shutdown completed.
